<?xml version="1.0" encoding="UTF-8" ?>
<testsuite tests="3" failures="0" name="cucumber.Options.TestRunner" time="15.097" errors="0" skipped="0">
  <properties>
[...]
</properties>
  <testcase classname="Validating place API&apos;s" name="Verify if place is being Successfully added using AddPlace API #1" time="12.225"/>
  <testcase classname="Validating place API&apos;s" name="Verify if place is being Successfully added using AddPlace API #2" time="1.347"/>
  <testcase classname="Validating place API&apos;s" name="Verify if Delete place functinality is working" time="1.525"/>
</testsuite>